[DEBUG] 2020-02-27 11:05:53 - PharmacyApp.CommonLip.LogUtil Read all data from Json file LoginJsonFile.json
[DEBUG] 2020-02-27 11:06:09 - PharmacyApp.CommonLip.LogUtil Opened Chrome browser
[DEBUG] 2020-02-27 11:06:09 - PharmacyApp.CommonLip.LogUtil Navigating to http://fortesting.info/
[DEBUG] 2020-02-27 11:06:09 - PharmacyApp.CommonLip.LogUtil **********Starting execution a new test**********
[DEBUG] 2020-02-27 11:06:09 - PharmacyApp.CommonLip.LogUtil Filled in email field with data:lega1@mailinator.com
[DEBUG] 2020-02-27 11:06:09 - PharmacyApp.CommonLip.LogUtil Filled in password field with data:password
[DEBUG] 2020-02-27 11:06:11 - PharmacyApp.CommonLip.LogUtil Clicked on Login button
[DEBUG] 2020-02-27 11:06:11 - PharmacyApp.CommonLip.LogUtil Waiting for Home page 
[DEBUG] 2020-02-27 11:06:11 - PharmacyApp.CommonLip.LogUtil Getting text about success login
[DEBUG] 2020-02-27 13:20:00 - PharmacyApp.CommonLip.LogUtil Read all data from Json file LoginJsonFile.json
[DEBUG] 2020-02-27 13:20:15 - PharmacyApp.CommonLip.LogUtil Opened Chrome browser
[DEBUG] 2020-02-27 13:20:15 - PharmacyApp.CommonLip.LogUtil Navigating to http://fortesting.info/
[DEBUG] 2020-02-27 13:20:15 - PharmacyApp.CommonLip.LogUtil **********Starting execution a new test**********
[DEBUG] 2020-02-27 13:20:15 - PharmacyApp.CommonLip.LogUtil Filled in email field with data:lega1@mailinator.com
[DEBUG] 2020-02-27 13:20:15 - PharmacyApp.CommonLip.LogUtil Filled in password field with data:password
[DEBUG] 2020-02-27 13:20:16 - PharmacyApp.CommonLip.LogUtil Clicked on Login button
[DEBUG] 2020-02-27 13:20:16 - PharmacyApp.CommonLip.LogUtil Waiting for Home page 
[DEBUG] 2020-02-27 13:22:45 - PharmacyApp.CommonLip.LogUtil click on pharmacy dropDown
[DEBUG] 2020-02-27 13:22:45 - PharmacyApp.CommonLip.LogUtil Close Chrome browser
[DEBUG] 2020-02-27 13:24:19 - PharmacyApp.CommonLip.LogUtil Read all data from Json file LoginJsonFile.json
[DEBUG] 2020-02-27 13:24:26 - PharmacyApp.CommonLip.LogUtil Opened Chrome browser
[DEBUG] 2020-02-27 13:24:26 - PharmacyApp.CommonLip.LogUtil Navigating to http://fortesting.info/
[DEBUG] 2020-02-27 13:24:26 - PharmacyApp.CommonLip.LogUtil **********Starting execution a new test**********
[DEBUG] 2020-02-27 13:24:26 - PharmacyApp.CommonLip.LogUtil Filled in email field with data:lega1@mailinator.com
[DEBUG] 2020-02-27 13:24:26 - PharmacyApp.CommonLip.LogUtil Filled in password field with data:password
[DEBUG] 2020-02-27 13:24:27 - PharmacyApp.CommonLip.LogUtil Clicked on Login button
[DEBUG] 2020-02-27 13:24:27 - PharmacyApp.CommonLip.LogUtil Waiting for Home page 
[DEBUG] 2020-02-27 13:26:00 - PharmacyApp.CommonLip.LogUtil I've been waiting 10 seconds element but it is not visible
[DEBUG] 2020-02-27 13:26:08 - PharmacyApp.CommonLip.LogUtil **********************Can NOT click on pharmacy dropDown********************** By.XPath: //a[contains(text(),'Pharmacy')and @class='dropdown-toggle  ']
[DEBUG] 2020-02-27 13:26:25 - PharmacyApp.CommonLip.LogUtil Close Chrome browser
[DEBUG] 2020-02-27 13:45:29 - PharmacyApp.CommonLip.LogUtil Read all data from Json file LoginJsonFile.json
[DEBUG] 2020-02-27 13:45:35 - PharmacyApp.CommonLip.LogUtil Opened Chrome browser
[DEBUG] 2020-02-27 13:45:35 - PharmacyApp.CommonLip.LogUtil Navigating to http://fortesting.info/
[DEBUG] 2020-02-27 13:45:35 - PharmacyApp.CommonLip.LogUtil **********Starting execution a new test**********
[DEBUG] 2020-02-27 13:45:35 - PharmacyApp.CommonLip.LogUtil Filled in email field with data:lega1@mailinator.com
[DEBUG] 2020-02-27 13:45:35 - PharmacyApp.CommonLip.LogUtil Filled in password field with data:password
[DEBUG] 2020-02-27 13:45:36 - PharmacyApp.CommonLip.LogUtil Clicked on Login button
[DEBUG] 2020-02-27 13:45:36 - PharmacyApp.CommonLip.LogUtil Waiting for Home page 
[DEBUG] 2020-02-27 13:46:10 - PharmacyApp.CommonLip.LogUtil click on pharmacy dropDown
[DEBUG] 2020-02-27 13:46:17 - PharmacyApp.CommonLip.LogUtil Clicked on Manag Pahrmacies option
[DEBUG] 2020-02-27 13:46:55 - PharmacyApp.CommonLip.LogUtil Close Chrome browser
